[LOG]: sync up with origin/master
M	trevari/cron_log/cron_job_2019_12_06_11:00.log
브랜치가 'origin/master'에 맞게 업데이트된 상태입니다.
[LOG]: get_trevari_books.py is executed on 20:00:03
('Exception occured', NameError("name 'book_name' is not defined",))
('Exception occured', NameError("name 'book_name' is not defined",))
('Exception occured', NameError("name 'book_name' is not defined",))
('Exception occured', NameError("name 'book_name' is not defined",))
('Exception occured', NameError("name 'book_name' is not defined",))
('Exception occured', NameError("name 'book_name' is not defined",))
('Exception occured', NameError("name 'book_name' is not defined",))
('Exception occured', IndexError('list index out of range',))
('Exception occured', IndexError('list index out of range',))
('Exception occured', IndexError('list index out of range',))
('Exception occured', IndexError('list index out of range',))
('Exception occured', IndexError('list index out of range',))
('Exception occured', IndexError('list index out of range',))
('Exception occured', IndexError('list index out of range',))
('Exception occured', IndexError('list index out of range',))
('Exception occured', IndexError('list index out of range',))
('Exception occured', IndexError('list index out of range',))
('Exception occured', IndexError('list index out of range',))
('Exception occured', IndexError('list index out of range',))
('Exception occured', IndexError('list index out of range',))
('Exception occured', IndexError('list index out of range',))
('Exception occured', IndexError('list index out of range',))
('Exception occured', IndexError('list index out of range',))
('Exception occured', IndexError('list index out of range',))
('Exception occured', IndexError('list index out of range',))
('Exception occured', IndexError('list index out of range',))
('Exception occured', IndexError('list index out of range',))
('Exception occured', IndexError('list index out of range',))
('Exception occured', IndexError('list index out of range',))
('Exception occured', IndexError('list index out of range',))
('Exception occured', IndexError('list index out of range',))
('Exception occured', IndexError('list index out of range',))
('Exception occured', IndexError('list index out of range',))
('Exception occured', IndexError('list index out of range',))
('Exception occured', IndexError('list index out of range',))
('Exception occured', IndexError('list index out of range',))
('Exception occured', IndexError('list index out of range',))
('Exception occured', IndexError('list index out of range',))
('Exception occured', IndexError('list index out of range',))
('Exception occured', IndexError('list index out of range',))
('Exception occured', IndexError('list index out of range',))
('Exception occured', IndexError('list index out of range',))
('Exception occured', IndexError('list index out of range',))
('Exception occured', IndexError('list index out of range',))
('Exception occured', IndexError('list index out of range',))
('Exception occured', IndexError('list index out of range',))
('Exception occured', IndexError('list index out of range',))
('Exception occured', IndexError('list index out of range',))
('Exception occured', IndexError('list index out of range',))
('Exception occured', IndexError('list index out of range',))
('Exception occured', IndexError('list index out of range',))
('Exception occured', IndexError('list index out of range',))
('Exception occured', IndexError('list index out of range',))
('Exception occured', IndexError('list index out of range',))
('Exception occured', IndexError('list index out of range',))
('Exception occured', IndexError('list index out of range',))
('Exception occured', IndexError('list index out of range',))
('Exception occured', TypeError("'NoneType' object has no attribute '__getitem__'",))
('Exception occured', IndexError('list index out of range',))
('Exception occured', IndexError('list index out of range',))
('Exception occured', IndexError('list index out of range',))
('Exception occured', IndexError('list index out of range',))
('Exception occured', IndexError('list index out of range',))
('Exception occured', IndexError('list index out of range',))
('Exception occured', IndexError('list index out of range',))
('Exception occured', IndexError('list index out of range',))
('Exception occured', IndexError('list index out of range',))
('Exception occured', IndexError('list index out of range',))
('Exception occured', IndexError('list index out of range',))
('Exception occured', IndexError('list index out of range',))
('Exception occured', IndexError('list index out of range',))
('Exception occured', IndexError('list index out of range',))
('Exception occured', IndexError('list index out of range',))
('Exception occured', IndexError('list index out of range',))
('Exception occured', IndexError('list index out of range',))
('Exception occured', IndexError('list index out of range',))
('Exception occured', IndexError('list index out of range',))
('Exception occured', IndexError('list index out of range',))
('Exception occured', IndexError('list index out of range',))
('Exception occured', IndexError('list index out of range',))
('Exception occured', IndexError('list index out of range',))
('Exception occured', IndexError('list index out of range',))
('Exception occured', IndexError('list index out of range',))
('Exception occured', IndexError('list index out of range',))
('Exception occured', IndexError('list index out of range',))
('Exception occured', IndexError('list index out of range',))
('Exception occured', IndexError('list index out of range',))
('Exception occured', IndexError('list index out of range',))
('Exception occured', IndexError('list index out of range',))
('Exception occured', IndexError('list index out of range',))
('Exception occured', IndexError('list index out of range',))
('Exception occured', IndexError('list index out of range',))
('Exception occured', IndexError('list index out of range',))
('Exception occured', IndexError('list index out of range',))
('Exception occured', IndexError('list index out of range',))
('Exception occured', IndexError('list index out of range',))
('Exception occured', IndexError('list index out of range',))
('Exception occured', IndexError('list index out of range',))
('Exception occured', IndexError('list index out of range',))
('Exception occured', IndexError('list index out of range',))
('Exception occured', IndexError('list index out of range',))
('Exception occured', IndexError('list index out of range',))
('Exception occured', IndexError('list index out of range',))
('Exception occured', IndexError('list index out of range',))
('Exception occured', IndexError('list index out of range',))
('Exception occured', IndexError('list index out of range',))
('Exception occured', IndexError('list index out of range',))
('Exception occured', IndexError('list index out of range',))
('Exception occured', IndexError('list index out of range',))
('Exception occured', IndexError('list index out of range',))
('Exception occured', IndexError('list index out of range',))
('Exception occured', IndexError('list index out of range',))
('Exception occured', IndexError('list index out of range',))
('Exception occured', IndexError('list index out of range',))
('Exception occured', IndexError('list index out of range',))
('Exception occured', IndexError('list index out of range',))
('Exception occured', IndexError('list index out of range',))
('Exception occured', IndexError('list index out of range',))
('Exception occured', IndexError('list index out of range',))
('Exception occured', IndexError('list index out of range',))
('Exception occured', IndexError('list index out of range',))
('Exception occured', IndexError('list index out of range',))
('Exception occured', IndexError('list index out of range',))
('Exception occured', IndexError('list index out of range',))
('Exception occured', IndexError('list index out of range',))
('Exception occured', IndexError('list index out of range',))
('Exception occured', IndexError('list index out of range',))
('Exception occured', IndexError('list index out of range',))
('Exception occured', IndexError('list index out of range',))
('Exception occured', IndexError('list index out of range',))
('Exception occured', IndexError('list index out of range',))
('Exception occured', IndexError('list index out of range',))
('Exception occured', IndexError('list index out of range',))
('Exception occured', IndexError('list index out of range',))
('Exception occured', IndexError('list index out of range',))
('Exception occured', IndexError('list index out of range',))
('Exception occured', IndexError('list index out of range',))
('Exception occured', IndexError('list index out of range',))
('Exception occured', IndexError('list index out of range',))
('Exception occured', IndexError('list index out of range',))
('Exception occured', IndexError('list index out of range',))
('Exception occured', IndexError('list index out of range',))
('Exception occured', IndexError('list index out of range',))
('Exception occured', IndexError('list index out of range',))
('Exception occured', IndexError('list index out of range',))
('Exception occured', IndexError('list index out of range',))
('Exception occured', IndexError('list index out of range',))
('Exception occured', IndexError('list index out of range',))
('Exception occured', IndexError('list index out of range',))
('Exception occured', IndexError('list index out of range',))
('Exception occured', IndexError('list index out of range',))
('Exception occured', IndexError('list index out of range',))
('Exception occured', IndexError('list index out of range',))
('Exception occured', IndexError('list index out of range',))
('Exception occured', IndexError('list index out of range',))
('Exception occured', IndexError('list index out of range',))
('Exception occured', IndexError('list index out of range',))
('Exception occured', IndexError('list index out of range',))
('Exception occured', IndexError('list index out of range',))
('Exception occured', IndexError('list index out of range',))
('Exception occured', IndexError('list index out of range',))
('Exception occured', IndexError('list index out of range',))
('Exception occured', IndexError('list index out of range',))
('Exception occured', IndexError('list index out of range',))
('Exception occured', IndexError('list index out of range',))
('Exception occured', IndexError('list index out of range',))
('Exception occured', IndexError('list index out of range',))
('Exception occured', IndexError('list index out of range',))
('Exception occured', IndexError('list index out of range',))
('Exception occured', IndexError('list index out of range',))
('Exception occured', IndexError('list index out of range',))
('Exception occured', IndexError('list index out of range',))
('Exception occured', IndexError('list index out of range',))
('Exception occured', IndexError('list index out of range',))
('Exception occured', IndexError('list index out of range',))
('Exception occured', IndexError('list index out of range',))
('Exception occured', IndexError('list index out of range',))
('Exception occured', IndexError('list index out of range',))
('Exception occured', IndexError('list index out of range',))
('Exception occured', IndexError('list index out of range',))
('Exception occured', IndexError('list index out of range',))
('Exception occured', IndexError('list index out of range',))
('Exception occured', IndexError('list index out of range',))
('Exception occured', IndexError('list index out of range',))
('Exception occured', IndexError('list index out of range',))
('Exception occured', IndexError('list index out of range',))
('Exception occured', IndexError('list index out of range',))
('Exception occured', IndexError('list index out of range',))
('Exception occured', IndexError('list index out of range',))
('Exception occured', IndexError('list index out of range',))
('Exception occured', IndexError('list index out of range',))
('Exception occured', IndexError('list index out of range',))
('Exception occured', IndexError('list index out of range',))
('Exception occured', IndexError('list index out of range',))
('Exception occured', IndexError('list index out of range',))
('Exception occured', IndexError('list index out of range',))
('Exception occured', IndexError('list index out of range',))
('Exception occured', IndexError('list index out of range',))
('Exception occured', IndexError('list index out of range',))
('Exception occured', IndexError('list index out of range',))
('Exception occured', IndexError('list index out of range',))
('Exception occured', IndexError('list index out of range',))
('Exception occured', IndexError('list index out of range',))
('Exception occured', IndexError('list index out of range',))
('Exception occured', IndexError('list index out of range',))
('Exception occured', IndexError('list index out of range',))
('Exception occured', IndexError('list index out of range',))
('Exception occured', IndexError('list index out of range',))
('Exception occured', IndexError('list index out of range',))
('Exception occured', IndexError('list index out of range',))
('Exception occured', IndexError('list index out of range',))
('Exception occured', IndexError('list index out of range',))
('Exception occured', IndexError('list index out of range',))
('Exception occured', IndexError('list index out of range',))
('Exception occured', IndexError('list index out of range',))
('Exception occured', IndexError('list index out of range',))
('Exception occured', IndexError('list index out of range',))
('Exception occured', IndexError('list index out of range',))
('Exception occured', IndexError('list index out of range',))
('Exception occured', IndexError('list index out of range',))
('Exception occured', IndexError('list index out of range',))
('Exception occured', IndexError('list index out of range',))
('Exception occured', IndexError('list index out of range',))
('Exception occured', IndexError('list index out of range',))
('Exception occured', IndexError('list index out of range',))
('Exception occured', IndexError('list index out of range',))
('Exception occured', IndexError('list index out of range',))
('Exception occured', IndexError('list index out of range',))
('Exception occured', IndexError('list index out of range',))
('Exception occured', IndexError('list index out of range',))
('Exception occured', IndexError('list index out of range',))
('Exception occured', IndexError('list index out of range',))
('Exception occured', IndexError('list index out of range',))
('Exception occured', IndexError('list index out of range',))
('Exception occured', IndexError('list index out of range',))
('Exception occured', IndexError('list index out of range',))
('Exception occured', IndexError('list index out of range',))
('Exception occured', IndexError('list index out of range',))
('Exception occured', IndexError('list index out of range',))
('Exception occured', IndexError('list index out of range',))
('Exception occured', IndexError('list index out of range',))
('Exception occured', IndexError('list index out of range',))
('Exception occured', IndexError('list index out of range',))
('Exception occured', IndexError('list index out of range',))
('Exception occured', IndexError('list index out of range',))
('Exception occured', IndexError('list index out of range',))
('Exception occured', IndexError('list index out of range',))
('Exception occured', IndexError('list index out of range',))
('Exception occured', IndexError('list index out of range',))
('Exception occured', IndexError('list index out of range',))
('Exception occured', IndexError('list index out of range',))
('Exception occured', IndexError('list index out of range',))
('Exception occured', IndexError('list index out of range',))
('Exception occured', IndexError('list index out of range',))
('Exception occured', IndexError('list index out of range',))
('Exception occured', IndexError('list index out of range',))
('Exception occured', IndexError('list index out of range',))
('Exception occured', IndexError('list index out of range',))
('Exception occured', IndexError('list index out of range',))
('Exception occured', IndexError('list index out of range',))
('Exception occured', IndexError('list index out of range',))
('Exception occured', IndexError('list index out of range',))
('Exception occured', IndexError('list index out of range',))
('Exception occured', IndexError('list index out of range',))
('Exception occured', IndexError('list index out of range',))
('Exception occured', IndexError('list index out of range',))
('Exception occured', IndexError('list index out of range',))
('Exception occured', IndexError('list index out of range',))
('Exception occured', IndexError('list index out of range',))
('Exception occured', IndexError('list index out of range',))
('Exception occured', IndexError('list index out of range',))
('Exception occured', IndexError('list index out of range',))
('Exception occured', IndexError('list index out of range',))
('Exception occured', IndexError('list index out of range',))
('Exception occured', IndexError('list index out of range',))
('Exception occured', IndexError('list index out of range',))
('Exception occured', IndexError('list index out of range',))
('Exception occured', IndexError('list index out of range',))
('Exception occured', IndexError('list index out of range',))
('Exception occured', IndexError('list index out of range',))
('Exception occured', IndexError('list index out of range',))
('Exception occured', IndexError('list index out of range',))
('Exception occured', IndexError('list index out of range',))
('Exception occured', IndexError('list index out of range',))
('Exception occured', IndexError('list index out of range',))
('Exception occured', IndexError('list index out of range',))
('Exception occured', IndexError('list index out of range',))
('Exception occured', IndexError('list index out of range',))
('Exception occured', IndexError('list index out of range',))
('Exception occured', IndexError('list index out of range',))
('Exception occured', IndexError('list index out of range',))
('Exception occured', IndexError('list index out of range',))
('Exception occured', IndexError('list index out of range',))
('Exception occured', IndexError('list index out of range',))
('Exception occured', IndexError('list index out of range',))
('Exception occured', IndexError('list index out of range',))
('Exception occured', TypeError("'NoneType' object has no attribute '__getitem__'",))
('Exception occured', TypeError("'NoneType' object has no attribute '__getitem__'",))
('Exception occured', TypeError("'NoneType' object has no attribute '__getitem__'",))
('Exception occured', TypeError("'NoneType' object has no attribute '__getitem__'",))
('Exception occured', TypeError("'NoneType' object has no attribute '__getitem__'",))
('Exception occured', TypeError("'NoneType' object has no attribute '__getitem__'",))
('Exception occured', TypeError("'NoneType' object has no attribute '__getitem__'",))
('Exception occured', TypeError("'NoneType' object has no attribute '__getitem__'",))
('Exception occured', TypeError("'NoneType' object has no attribute '__getitem__'",))
[LOG]: get_trevari_books.py is finished on 08:05:18.
[LOG]: diff: 이진파일 (표준 입력) 와(과) 일치
[LOG]: dir: /home/ubuntu/project/web_crawlers/trevari pwd: /home/ubuntu/project/web_crawlers/trevari
[master 9cc8b05] script: trevari: update book list on  (auto generated commit)
 4 files changed, 323 insertions(+), 40 deletions(-)
 create mode 100644 trevari/cron_log/cron_job_2019_12_06_20:00.log
 create mode 100644 trevari/cron_log/cron_job_2019_12_07_01:00.log
[LOG]: update commit - script: trevari: update book list on 2019-12-07, 08:05:30
