[LOG]: sync up with origin/master
브랜치가 'origin/master'보다 6개 커밋만큼 앞에 있습니다.
  (로컬에 있는 커밋을 제출하려면 "git push"를 사용하십시오)
현재 브랜치가 (master) 최신 상태입니다.
[LOG]: get_trevari_books.py is executed on 11:00:05
('Exception occured', NameError("name 'book_name' is not defined",))
('Exception occured', NameError("name 'book_name' is not defined",))
('Exception occured', NameError("name 'book_name' is not defined",))
('Exception occured', NameError("name 'book_name' is not defined",))
('Exception occured', NameError("name 'book_name' is not defined",))
('Exception occured', NameError("name 'book_name' is not defined",))
('Exception occured', TimeoutException())
('Exception occured', OSError(12, 'Cannot allocate memory'))
('Exception occured', OSError(12, 'Cannot allocate memory'))
('Exception occured', OSError(12, 'Cannot allocate memory'))
('Exception occured', OSError(12, 'Cannot allocate memory'))
('Exception occured', OSError(12, 'Cannot allocate memory'))
('Exception occured', OSError(12, 'Cannot allocate memory'))
('Exception occured', OSError(12, 'Cannot allocate memory'))
('Exception occured', OSError(12, 'Cannot allocate memory'))
('Exception occured', OSError(12, 'Cannot allocate memory'))
('Exception occured', TypeError("'NoneType' object has no attribute '__getitem__'",))
('Exception occured', TypeError("'NoneType' object has no attribute '__getitem__'",))
('Exception occured', TypeError("'NoneType' object has no attribute '__getitem__'",))
('Exception occured', TypeError("'NoneType' object has no attribute '__getitem__'",))
[LOG]: get_trevari_books.py is finished on 12:32:09.
[LOG]: diff: diff --git a/trevari/trevari_book_list.md b/trevari/trevari_book_list.md
Binary files a/trevari/trevari_book_list.md and b/trevari/trevari_book_list.md differ
[LOG]: dir: /home/ubuntu/project/web_crawlers/trevari pwd: /home/ubuntu/project/web_crawlers/trevari
