[LOG]: sync up with origin/master
M	trevari/cron_log/cron_job_2019_07_02_11:00.log
브랜치가 'origin/master'에 맞게 업데이트된 상태입니다.
[LOG]: get_trevari_books.py is executed on 20:00:06
('Exception occured', NameError("name 'book_name' is not defined",))
('Exception occured', NameError("name 'book_name' is not defined",))
('Exception occured', NameError("name 'book_name' is not defined",))
('Exception occured', NameError("name 'book_name' is not defined",))
('Exception occured', NameError("name 'book_name' is not defined",))
('Exception occured', NameError("name 'book_name' is not defined",))
('Exception occured', TimeoutException())
('Exception occured', OSError(12, 'Cannot allocate memory'))
('Exception occured', OSError(12, 'Cannot allocate memory'))
('Exception occured', OSError(12, 'Cannot allocate memory'))
('Exception occured', OSError(12, 'Cannot allocate memory'))
('Exception occured', OSError(12, 'Cannot allocate memory'))
('Exception occured', OSError(12, 'Cannot allocate memory'))
('Exception occured', OSError(12, 'Cannot allocate memory'))
('Exception occured', OSError(12, 'Cannot allocate memory'))
('Exception occured', OSError(12, 'Cannot allocate memory'))
[LOG]: get_trevari_books.py is finished on 21:31:29.
[LOG]: diff: diff --git a/trevari/trevari_book_list.md b/trevari/trevari_book_list.md
[LOG]: dir: /home/ubuntu/project/web_crawlers/trevari pwd: /home/ubuntu/project/web_crawlers/trevari
[master 828c3cf] script: trevari: update book list on  (auto generated commit)
 3 files changed, 43 insertions(+), 22 deletions(-)
 create mode 100644 trevari/cron_log/cron_job_2019_07_02_20:00.log
[LOG]: update commit - script: trevari: update book list on 2019-07-02, 21:31:33
