[LOG]: sync up with origin/master
M	trevari/cron_log/cron_job_2019_12_19_11:00.log
M	trevari/trevari_book_list.md
브랜치가 'origin/master'에 맞게 업데이트된 상태입니다.
[LOG]: get_trevari_books.py is executed on 01:00:07
('Exception occured', NameError("name 'book_name' is not defined",))
('Exception occured', NameError("name 'book_name' is not defined",))
('Exception occured', NameError("name 'book_name' is not defined",))
('Exception occured', NameError("name 'book_name' is not defined",))
('Exception occured', NameError("name 'book_name' is not defined",))
('Exception occured', NameError("name 'book_name' is not defined",))
('Exception occured', NameError("name 'book_name' is not defined",))
('Exception occured', IndexError('list index out of range',))
('Exception occured', IndexError('list index out of range',))
('Exception occured', IndexError('list index out of range',))
('Exception occured', IndexError('list index out of range',))
('Exception occured', IndexError('list index out of range',))
('Exception occured', IndexError('list index out of range',))
('Exception occured', IndexError('list index out of range',))
('Exception occured', IndexError('list index out of range',))
('Exception occured', IndexError('list index out of range',))
('Exception occured', IndexError('list index out of range',))
('Exception occured', TypeError("'NoneType' object has no attribute '__getitem__'",))
('Exception occured', TypeError("'NoneType' object has no attribute '__getitem__'",))
('Exception occured', TypeError("'NoneType' object has no attribute '__getitem__'",))
('Exception occured', TypeError("'NoneType' object has no attribute '__getitem__'",))
('Exception occured', TypeError("'NoneType' object has no attribute '__getitem__'",))
('Exception occured', TypeError("'NoneType' object has no attribute '__getitem__'",))
('Exception occured', TypeError("'NoneType' object has no attribute '__getitem__'",))
('Exception occured', TypeError("'NoneType' object has no attribute '__getitem__'",))
('Exception occured', TypeError("'NoneType' object has no attribute '__getitem__'",))
[LOG]: get_trevari_books.py is finished on 10:17:37.
[LOG]: diff: diff --git a/trevari/trevari_book_list.md b/trevari/trevari_book_list.md
[LOG]: dir: /home/ubuntu/project/web_crawlers/trevari pwd: /home/ubuntu/project/web_crawlers/trevari
[master 8ee8af0] script: trevari: update book list on  (auto generated commit)
 4 files changed, 309 insertions(+), 16 deletions(-)
 create mode 100644 trevari/cron_log/cron_job_2019_12_19_20:00.log
 create mode 100644 trevari/cron_log/cron_job_2019_12_20_01:00.log
[LOG]: update commit - script: trevari: update book list on 2019-12-20, 10:17:49
