[LOG]: sync up with origin/master
M	trevari/cron_log/cron_job_2019_12_07_01:00.log
브랜치가 'origin/master'에 맞게 업데이트된 상태입니다.
[LOG]: get_trevari_books.py is executed on 11:00:04
('Exception occured', NameError("name 'book_name' is not defined",))
('Exception occured', NameError("name 'book_name' is not defined",))
('Exception occured', NameError("name 'book_name' is not defined",))
('Exception occured', NameError("name 'book_name' is not defined",))
('Exception occured', NameError("name 'book_name' is not defined",))
('Exception occured', NameError("name 'book_name' is not defined",))
('Exception occured', NameError("name 'book_name' is not defined",))
('Exception occured', IndexError('list index out of range',))
('Exception occured', IndexError('list index out of range',))
('Exception occured', IndexError('list index out of range',))
('Exception occured', IndexError('list index out of range',))
('Exception occured', IndexError('list index out of range',))
('Exception occured', IndexError('list index out of range',))
('Exception occured', IndexError('list index out of range',))
('Exception occured', IndexError('list index out of range',))
('Exception occured', IndexError('list index out of range',))
('Exception occured', IndexError('list index out of range',))
('Exception occured', IndexError('list index out of range',))
('Exception occured', IndexError('list index out of range',))
('Exception occured', IndexError('list index out of range',))
('Exception occured', IndexError('list index out of range',))
('Exception occured', IndexError('list index out of range',))
('Exception occured', IndexError('list index out of range',))
('Exception occured', IndexError('list index out of range',))
('Exception occured', IndexError('list index out of range',))
('Exception occured', IndexError('list index out of range',))
('Exception occured', IndexError('list index out of range',))
('Exception occured', IndexError('list index out of range',))
('Exception occured', IndexError('list index out of range',))
('Exception occured', IndexError('list index out of range',))
('Exception occured', IndexError('list index out of range',))
('Exception occured', IndexError('list index out of range',))
('Exception occured', IndexError('list index out of range',))
('Exception occured', IndexError('list index out of range',))
('Exception occured', IndexError('list index out of range',))
('Exception occured', IndexError('list index out of range',))
('Exception occured', IndexError('list index out of range',))
('Exception occured', IndexError('list index out of range',))
('Exception occured', IndexError('list index out of range',))
('Exception occured', IndexError('list index out of range',))
('Exception occured', IndexError('list index out of range',))
('Exception occured', IndexError('list index out of range',))
('Exception occured', IndexError('list index out of range',))
('Exception occured', IndexError('list index out of range',))
('Exception occured', IndexError('list index out of range',))
('Exception occured', IndexError('list index out of range',))
('Exception occured', IndexError('list index out of range',))
('Exception occured', IndexError('list index out of range',))
('Exception occured', IndexError('list index out of range',))
('Exception occured', IndexError('list index out of range',))
('Exception occured', IndexError('list index out of range',))
('Exception occured', IndexError('list index out of range',))
('Exception occured', IndexError('list index out of range',))
('Exception occured', IndexError('list index out of range',))
('Exception occured', IndexError('list index out of range',))
('Exception occured', IndexError('list index out of range',))
('Exception occured', IndexError('list index out of range',))
('Exception occured', IndexError('list index out of range',))
('Exception occured', IndexError('list index out of range',))
('Exception occured', IndexError('list index out of range',))
('Exception occured', IndexError('list index out of range',))
('Exception occured', IndexError('list index out of range',))
('Exception occured', IndexError('list index out of range',))
('Exception occured', IndexError('list index out of range',))
('Exception occured', IndexError('list index out of range',))
('Exception occured', IndexError('list index out of range',))
('Exception occured', IndexError('list index out of range',))
('Exception occured', IndexError('list index out of range',))
('Exception occured', IndexError('list index out of range',))
('Exception occured', IndexError('list index out of range',))
('Exception occured', IndexError('list index out of range',))
('Exception occured', IndexError('list index out of range',))
('Exception occured', IndexError('list index out of range',))
('Exception occured', IndexError('list index out of range',))
('Exception occured', IndexError('list index out of range',))
('Exception occured', IndexError('list index out of range',))
('Exception occured', IndexError('list index out of range',))
('Exception occured', IndexError('list index out of range',))
('Exception occured', IndexError('list index out of range',))
('Exception occured', IndexError('list index out of range',))
('Exception occured', IndexError('list index out of range',))
('Exception occured', IndexError('list index out of range',))
('Exception occured', IndexError('list index out of range',))
('Exception occured', IndexError('list index out of range',))
('Exception occured', IndexError('list index out of range',))
('Exception occured', IndexError('list index out of range',))
('Exception occured', IndexError('list index out of range',))
('Exception occured', IndexError('list index out of range',))
('Exception occured', IndexError('list index out of range',))
('Exception occured', IndexError('list index out of range',))
('Exception occured', IndexError('list index out of range',))
('Exception occured', IndexError('list index out of range',))
('Exception occured', IndexError('list index out of range',))
('Exception occured', IndexError('list index out of range',))
('Exception occured', IndexError('list index out of range',))
('Exception occured', IndexError('list index out of range',))
('Exception occured', IndexError('list index out of range',))
('Exception occured', IndexError('list index out of range',))
('Exception occured', IndexError('list index out of range',))
('Exception occured', IndexError('list index out of range',))
('Exception occured', IndexError('list index out of range',))
('Exception occured', IndexError('list index out of range',))
('Exception occured', IndexError('list index out of range',))
('Exception occured', IndexError('list index out of range',))
('Exception occured', IndexError('list index out of range',))
('Exception occured', IndexError('list index out of range',))
('Exception occured', IndexError('list index out of range',))
('Exception occured', IndexError('list index out of range',))
('Exception occured', IndexError('list index out of range',))
('Exception occured', IndexError('list index out of range',))
('Exception occured', IndexError('list index out of range',))
('Exception occured', IndexError('list index out of range',))
('Exception occured', IndexError('list index out of range',))
('Exception occured', IndexError('list index out of range',))
('Exception occured', IndexError('list index out of range',))
('Exception occured', IndexError('list index out of range',))
('Exception occured', IndexError('list index out of range',))
('Exception occured', IndexError('list index out of range',))
('Exception occured', IndexError('list index out of range',))
('Exception occured', IndexError('list index out of range',))
('Exception occured', IndexError('list index out of range',))
('Exception occured', IndexError('list index out of range',))
('Exception occured', IndexError('list index out of range',))
('Exception occured', IndexError('list index out of range',))
('Exception occured', IndexError('list index out of range',))
('Exception occured', IndexError('list index out of range',))
('Exception occured', IndexError('list index out of range',))
('Exception occured', IndexError('list index out of range',))
('Exception occured', IndexError('list index out of range',))
('Exception occured', IndexError('list index out of range',))
('Exception occured', IndexError('list index out of range',))
('Exception occured', IndexError('list index out of range',))
('Exception occured', IndexError('list index out of range',))
('Exception occured', IndexError('list index out of range',))
('Exception occured', IndexError('list index out of range',))
('Exception occured', IndexError('list index out of range',))
('Exception occured', IndexError('list index out of range',))
('Exception occured', IndexError('list index out of range',))
('Exception occured', IndexError('list index out of range',))
('Exception occured', IndexError('list index out of range',))
('Exception occured', IndexError('list index out of range',))
('Exception occured', IndexError('list index out of range',))
('Exception occured', IndexError('list index out of range',))
('Exception occured', IndexError('list index out of range',))
('Exception occured', IndexError('list index out of range',))
('Exception occured', IndexError('list index out of range',))
('Exception occured', IndexError('list index out of range',))
('Exception occured', IndexError('list index out of range',))
('Exception occured', IndexError('list index out of range',))
('Exception occured', IndexError('list index out of range',))
('Exception occured', IndexError('list index out of range',))
('Exception occured', IndexError('list index out of range',))
('Exception occured', IndexError('list index out of range',))
('Exception occured', IndexError('list index out of range',))
('Exception occured', IndexError('list index out of range',))
('Exception occured', IndexError('list index out of range',))
('Exception occured', IndexError('list index out of range',))
('Exception occured', IndexError('list index out of range',))
('Exception occured', IndexError('list index out of range',))
('Exception occured', IndexError('list index out of range',))
('Exception occured', IndexError('list index out of range',))
('Exception occured', IndexError('list index out of range',))
('Exception occured', IndexError('list index out of range',))
('Exception occured', IndexError('list index out of range',))
('Exception occured', IndexError('list index out of range',))
('Exception occured', IndexError('list index out of range',))
('Exception occured', IndexError('list index out of range',))
('Exception occured', IndexError('list index out of range',))
('Exception occured', IndexError('list index out of range',))
('Exception occured', IndexError('list index out of range',))
('Exception occured', IndexError('list index out of range',))
('Exception occured', IndexError('list index out of range',))
('Exception occured', IndexError('list index out of range',))
('Exception occured', IndexError('list index out of range',))
('Exception occured', IndexError('list index out of range',))
('Exception occured', IndexError('list index out of range',))
('Exception occured', IndexError('list index out of range',))
('Exception occured', IndexError('list index out of range',))
('Exception occured', IndexError('list index out of range',))
('Exception occured', IndexError('list index out of range',))
('Exception occured', IndexError('list index out of range',))
('Exception occured', IndexError('list index out of range',))
('Exception occured', IndexError('list index out of range',))
('Exception occured', IndexError('list index out of range',))
('Exception occured', IndexError('list index out of range',))
('Exception occured', IndexError('list index out of range',))
('Exception occured', IndexError('list index out of range',))
('Exception occured', IndexError('list index out of range',))
('Exception occured', IndexError('list index out of range',))
('Exception occured', IndexError('list index out of range',))
('Exception occured', IndexError('list index out of range',))
('Exception occured', IndexError('list index out of range',))
('Exception occured', IndexError('list index out of range',))
('Exception occured', IndexError('list index out of range',))
('Exception occured', IndexError('list index out of range',))
('Exception occured', IndexError('list index out of range',))
('Exception occured', IndexError('list index out of range',))
('Exception occured', IndexError('list index out of range',))
('Exception occured', IndexError('list index out of range',))
('Exception occured', IndexError('list index out of range',))
('Exception occured', IndexError('list index out of range',))
('Exception occured', IndexError('list index out of range',))
('Exception occured', IndexError('list index out of range',))
('Exception occured', IndexError('list index out of range',))
('Exception occured', IndexError('list index out of range',))
('Exception occured', IndexError('list index out of range',))
('Exception occured', IndexError('list index out of range',))
('Exception occured', IndexError('list index out of range',))
('Exception occured', IndexError('list index out of range',))
('Exception occured', IndexError('list index out of range',))
('Exception occured', IndexError('list index out of range',))
('Exception occured', IndexError('list index out of range',))
('Exception occured', IndexError('list index out of range',))
('Exception occured', IndexError('list index out of range',))
('Exception occured', IndexError('list index out of range',))
('Exception occured', IndexError('list index out of range',))
('Exception occured', IndexError('list index out of range',))
('Exception occured', IndexError('list index out of range',))
('Exception occured', IndexError('list index out of range',))
('Exception occured', IndexError('list index out of range',))
('Exception occured', IndexError('list index out of range',))
('Exception occured', IndexError('list index out of range',))
('Exception occured', IndexError('list index out of range',))
('Exception occured', IndexError('list index out of range',))
('Exception occured', IndexError('list index out of range',))
('Exception occured', IndexError('list index out of range',))
('Exception occured', IndexError('list index out of range',))
('Exception occured', IndexError('list index out of range',))
('Exception occured', IndexError('list index out of range',))
('Exception occured', IndexError('list index out of range',))
('Exception occured', IndexError('list index out of range',))
('Exception occured', IndexError('list index out of range',))
('Exception occured', IndexError('list index out of range',))
('Exception occured', IndexError('list index out of range',))
('Exception occured', IndexError('list index out of range',))
('Exception occured', IndexError('list index out of range',))
('Exception occured', IndexError('list index out of range',))
('Exception occured', IndexError('list index out of range',))
('Exception occured', IndexError('list index out of range',))
('Exception occured', IndexError('list index out of range',))
('Exception occured', IndexError('list index out of range',))
('Exception occured', IndexError('list index out of range',))
('Exception occured', IndexError('list index out of range',))
('Exception occured', IndexError('list index out of range',))
('Exception occured', IndexError('list index out of range',))
('Exception occured', IndexError('list index out of range',))
('Exception occured', IndexError('list index out of range',))
('Exception occured', IndexError('list index out of range',))
('Exception occured', IndexError('list index out of range',))
('Exception occured', IndexError('list index out of range',))
('Exception occured', IndexError('list index out of range',))
('Exception occured', IndexError('list index out of range',))
('Exception occured', IndexError('list index out of range',))
('Exception occured', IndexError('list index out of range',))
('Exception occured', IndexError('list index out of range',))
('Exception occured', IndexError('list index out of range',))
('Exception occured', IndexError('list index out of range',))
('Exception occured', IndexError('list index out of range',))
('Exception occured', IndexError('list index out of range',))
('Exception occured', IndexError('list index out of range',))
('Exception occured', IndexError('list index out of range',))
('Exception occured', IndexError('list index out of range',))
('Exception occured', IndexError('list index out of range',))
('Exception occured', IndexError('list index out of range',))
('Exception occured', IndexError('list index out of range',))
('Exception occured', IndexError('list index out of range',))
('Exception occured', IndexError('list index out of range',))
('Exception occured', IndexError('list index out of range',))
('Exception occured', IndexError('list index out of range',))
('Exception occured', IndexError('list index out of range',))
('Exception occured', IndexError('list index out of range',))
('Exception occured', IndexError('list index out of range',))
('Exception occured', IndexError('list index out of range',))
('Exception occured', IndexError('list index out of range',))
('Exception occured', IndexError('list index out of range',))
('Exception occured', IndexError('list index out of range',))
('Exception occured', IndexError('list index out of range',))
('Exception occured', IndexError('list index out of range',))
('Exception occured', IndexError('list index out of range',))
('Exception occured', IndexError('list index out of range',))
('Exception occured', IndexError('list index out of range',))
('Exception occured', IndexError('list index out of range',))
('Exception occured', IndexError('list index out of range',))
('Exception occured', IndexError('list index out of range',))
('Exception occured', IndexError('list index out of range',))
('Exception occured', IndexError('list index out of range',))
('Exception occured', IndexError('list index out of range',))
('Exception occured', IndexError('list index out of range',))
('Exception occured', IndexError('list index out of range',))
('Exception occured', IndexError('list index out of range',))
('Exception occured', IndexError('list index out of range',))
('Exception occured', IndexError('list index out of range',))
('Exception occured', IndexError('list index out of range',))
('Exception occured', IndexError('list index out of range',))
('Exception occured', IndexError('list index out of range',))
('Exception occured', IndexError('list index out of range',))
('Exception occured', TypeError("'NoneType' object has no attribute '__getitem__'",))
('Exception occured', TypeError("'NoneType' object has no attribute '__getitem__'",))
('Exception occured', TypeError("'NoneType' object has no attribute '__getitem__'",))
('Exception occured', TypeError("'NoneType' object has no attribute '__getitem__'",))
('Exception occured', TypeError("'NoneType' object has no attribute '__getitem__'",))
('Exception occured', TypeError("'NoneType' object has no attribute '__getitem__'",))
('Exception occured', TypeError("'NoneType' object has no attribute '__getitem__'",))
('Exception occured', TypeError("'NoneType' object has no attribute '__getitem__'",))
('Exception occured', TypeError("'NoneType' object has no attribute '__getitem__'",))
[LOG]: get_trevari_books.py is finished on 02:16:31.
[LOG]: diff: diff --git a/trevari/trevari_book_list.md b/trevari/trevari_book_list.md
Binary files a/trevari/trevari_book_list.md and b/trevari/trevari_book_list.md differ
[LOG]: dir: /home/ubuntu/project/web_crawlers/trevari pwd: /home/ubuntu/project/web_crawlers/trevari
[master c715f62] script: trevari: update book list on  (auto generated commit)
 5 files changed, 326 insertions(+)
 create mode 100644 trevari/cron_log/cron_job_2019_12_07_11:00.log
 create mode 100644 trevari/cron_log/cron_job_2019_12_07_20:00.log
 create mode 100644 trevari/cron_log/cron_job_2019_12_08_01:00.log
 rewrite trevari/trevari_book_list.md (63%)
[LOG]: update commit - script: trevari: update book list on 2019-12-08, 02:16:49
