[LOG]: sync up with origin/master
M	trevari/cron_log/cron_job_2019_06_29_20:00.log
브랜치가 'origin/master'에 맞게 업데이트된 상태입니다.
[LOG]: get_trevari_books.py is executed on 01:00:05
('Exception occured', NameError("name 'book_name' is not defined",))
('Exception occured', NameError("name 'book_name' is not defined",))
('Exception occured', NameError("name 'book_name' is not defined",))
('Exception occured', NameError("name 'book_name' is not defined",))
('Exception occured', NameError("name 'book_name' is not defined",))
('Exception occured', NameError("name 'book_name' is not defined",))
('Exception occured', NoSuchElementException())
('Exception occured', NoSuchElementException())
('Exception occured', TimeoutException())
('Exception occured', OSError(12, 'Cannot allocate memory'))
('Exception occured', OSError(12, 'Cannot allocate memory'))
('Exception occured', OSError(12, 'Cannot allocate memory'))
('Exception occured', OSError(12, 'Cannot allocate memory'))
('Exception occured', OSError(12, 'Cannot allocate memory'))
('Exception occured', OSError(12, 'Cannot allocate memory'))
('Exception occured', OSError(12, 'Cannot allocate memory'))
('Exception occured', OSError(12, 'Cannot allocate memory'))
('Exception occured', OSError(12, 'Cannot allocate memory'))
('Exception occured', OSError(12, 'Cannot allocate memory'))
('Exception occured', OSError(12, 'Cannot allocate memory'))
('Exception occured', OSError(12, 'Cannot allocate memory'))
('Exception occured', OSError(12, 'Cannot allocate memory'))
('Exception occured', OSError(12, 'Cannot allocate memory'))
('Exception occured', OSError(12, 'Cannot allocate memory'))
('Exception occured', OSError(12, 'Cannot allocate memory'))
('Exception occured', OSError(12, 'Cannot allocate memory'))
('Exception occured', OSError(12, 'Cannot allocate memory'))
('Exception occured', OSError(12, 'Cannot allocate memory'))
('Exception occured', TimeoutException())
('Exception occured', OSError(12, 'Cannot allocate memory'))
('Exception occured', OSError(12, 'Cannot allocate memory'))
('Exception occured', OSError(12, 'Cannot allocate memory'))
('Exception occured', OSError(12, 'Cannot allocate memory'))
('Exception occured', OSError(12, 'Cannot allocate memory'))
('Exception occured', OSError(12, 'Cannot allocate memory'))
('Exception occured', OSError(12, 'Cannot allocate memory'))
('Exception occured', OSError(12, 'Cannot allocate memory'))
('Exception occured', OSError(12, 'Cannot allocate memory'))
('Exception occured', OSError(12, 'Cannot allocate memory'))
('Exception occured', OSError(12, 'Cannot allocate memory'))
('Exception occured', OSError(12, 'Cannot allocate memory'))
('Exception occured', OSError(12, 'Cannot allocate memory'))
('Exception occured', OSError(12, 'Cannot allocate memory'))
('Exception occured', OSError(12, 'Cannot allocate memory'))
('Exception occured', OSError(12, 'Cannot allocate memory'))
('Exception occured', OSError(12, 'Cannot allocate memory'))
('Exception occured', OSError(12, 'Cannot allocate memory'))
('Exception occured', OSError(12, 'Cannot allocate memory'))
('Exception occured', OSError(12, 'Cannot allocate memory'))
('Exception occured', OSError(12, 'Cannot allocate memory'))
('Exception occured', OSError(12, 'Cannot allocate memory'))
('Exception occured', OSError(12, 'Cannot allocate memory'))
('Exception occured', OSError(12, 'Cannot allocate memory'))
('Exception occured', OSError(12, 'Cannot allocate memory'))
('Exception occured', OSError(12, 'Cannot allocate memory'))
('Exception occured', OSError(12, 'Cannot allocate memory'))
('Exception occured', OSError(12, 'Cannot allocate memory'))
('Exception occured', OSError(12, 'Cannot allocate memory'))
('Exception occured', OSError(12, 'Cannot allocate memory'))
('Exception occured', OSError(12, 'Cannot allocate memory'))
('Exception occured', OSError(12, 'Cannot allocate memory'))
('Exception occured', OSError(12, 'Cannot allocate memory'))
('Exception occured', OSError(12, 'Cannot allocate memory'))
('Exception occured', OSError(12, 'Cannot allocate memory'))
('Exception occured', OSError(12, 'Cannot allocate memory'))
('Exception occured', OSError(12, 'Cannot allocate memory'))
('Exception occured', OSError(12, 'Cannot allocate memory'))
('Exception occured', OSError(12, 'Cannot allocate memory'))
('Exception occured', OSError(12, 'Cannot allocate memory'))
('Exception occured', OSError(12, 'Cannot allocate memory'))
('Exception occured', OSError(12, 'Cannot allocate memory'))
('Exception occured', OSError(12, 'Cannot allocate memory'))
('Exception occured', OSError(12, 'Cannot allocate memory'))
('Exception occured', OSError(12, 'Cannot allocate memory'))
('Exception occured', OSError(12, 'Cannot allocate memory'))
('Exception occured', OSError(12, 'Cannot allocate memory'))
('Exception occured', OSError(12, 'Cannot allocate memory'))
('Exception occured', OSError(12, 'Cannot allocate memory'))
('Exception occured', OSError(12, 'Cannot allocate memory'))
('Exception occured', OSError(12, 'Cannot allocate memory'))
('Exception occured', OSError(12, 'Cannot allocate memory'))
('Exception occured', OSError(12, 'Cannot allocate memory'))
('Exception occured', OSError(12, 'Cannot allocate memory'))
('Exception occured', OSError(12, 'Cannot allocate memory'))
('Exception occured', OSError(12, 'Cannot allocate memory'))
('Exception occured', OSError(12, 'Cannot allocate memory'))
('Exception occured', OSError(12, 'Cannot allocate memory'))
('Exception occured', OSError(12, 'Cannot allocate memory'))
('Exception occured', OSError(12, 'Cannot allocate memory'))
('Exception occured', OSError(12, 'Cannot allocate memory'))
('Exception occured', OSError(12, 'Cannot allocate memory'))
('Exception occured', OSError(12, 'Cannot allocate memory'))
('Exception occured', OSError(12, 'Cannot allocate memory'))
('Exception occured', OSError(12, 'Cannot allocate memory'))
('Exception occured', OSError(12, 'Cannot allocate memory'))
('Exception occured', OSError(12, 'Cannot allocate memory'))
('Exception occured', OSError(12, 'Cannot allocate memory'))
('Exception occured', OSError(12, 'Cannot allocate memory'))
('Exception occured', OSError(12, 'Cannot allocate memory'))
('Exception occured', OSError(12, 'Cannot allocate memory'))
('Exception occured', OSError(12, 'Cannot allocate memory'))
('Exception occured', OSError(12, 'Cannot allocate memory'))
('Exception occured', OSError(12, 'Cannot allocate memory'))
('Exception occured', OSError(12, 'Cannot allocate memory'))
('Exception occured', OSError(12, 'Cannot allocate memory'))
('Exception occured', OSError(12, 'Cannot allocate memory'))
('Exception occured', OSError(12, 'Cannot allocate memory'))
('Exception occured', OSError(12, 'Cannot allocate memory'))
('Exception occured', OSError(12, 'Cannot allocate memory'))
('Exception occured', OSError(12, 'Cannot allocate memory'))
('Exception occured', OSError(12, 'Cannot allocate memory'))
('Exception occured', OSError(12, 'Cannot allocate memory'))
('Exception occured', OSError(12, 'Cannot allocate memory'))
('Exception occured', OSError(12, 'Cannot allocate memory'))
('Exception occured', OSError(12, 'Cannot allocate memory'))
('Exception occured', OSError(12, 'Cannot allocate memory'))
('Exception occured', OSError(12, 'Cannot allocate memory'))
('Exception occured', OSError(12, 'Cannot allocate memory'))
('Exception occured', OSError(12, 'Cannot allocate memory'))
('Exception occured', OSError(12, 'Cannot allocate memory'))
('Exception occured', OSError(12, 'Cannot allocate memory'))
('Exception occured', OSError(12, 'Cannot allocate memory'))
('Exception occured', OSError(12, 'Cannot allocate memory'))
('Exception occured', OSError(12, 'Cannot allocate memory'))
('Exception occured', OSError(12, 'Cannot allocate memory'))
('Exception occured', OSError(12, 'Cannot allocate memory'))
('Exception occured', OSError(12, 'Cannot allocate memory'))
('Exception occured', OSError(12, 'Cannot allocate memory'))
('Exception occured', OSError(12, 'Cannot allocate memory'))
('Exception occured', OSError(12, 'Cannot allocate memory'))
('Exception occured', OSError(12, 'Cannot allocate memory'))
('Exception occured', OSError(12, 'Cannot allocate memory'))
('Exception occured', OSError(12, 'Cannot allocate memory'))
('Exception occured', OSError(12, 'Cannot allocate memory'))
('Exception occured', OSError(12, 'Cannot allocate memory'))
('Exception occured', OSError(12, 'Cannot allocate memory'))
('Exception occured', OSError(12, 'Cannot allocate memory'))
('Exception occured', OSError(12, 'Cannot allocate memory'))
('Exception occured', OSError(12, 'Cannot allocate memory'))
('Exception occured', OSError(12, 'Cannot allocate memory'))
('Exception occured', OSError(12, 'Cannot allocate memory'))
('Exception occured', OSError(12, 'Cannot allocate memory'))
('Exception occured', OSError(12, 'Cannot allocate memory'))
('Exception occured', OSError(12, 'Cannot allocate memory'))
('Exception occured', OSError(12, 'Cannot allocate memory'))
('Exception occured', OSError(12, 'Cannot allocate memory'))
('Exception occured', OSError(12, 'Cannot allocate memory'))
('Exception occured', OSError(12, 'Cannot allocate memory'))
('Exception occured', OSError(12, 'Cannot allocate memory'))
('Exception occured', OSError(12, 'Cannot allocate memory'))
[LOG]: get_trevari_books.py is finished on 01:52:29.
[LOG]: diff: diff --git a/trevari/trevari_book_list.md b/trevari/trevari_book_list.md
[LOG]: dir: /home/ubuntu/project/web_crawlers/trevari pwd: /home/ubuntu/project/web_crawlers/trevari
