[LOG]: sync up with origin/master
M	trevari/cron_log/cron_job_2019_07_11_01:00.log
브랜치가 'origin/master'에 맞게 업데이트된 상태입니다.
[LOG]: get_trevari_books.py is executed on 11:00:05
('Exception occured', NameError("name 'book_name' is not defined",))
('Exception occured', NameError("name 'book_name' is not defined",))
('Exception occured', NameError("name 'book_name' is not defined",))
('Exception occured', NameError("name 'book_name' is not defined",))
('Exception occured', NameError("name 'book_name' is not defined",))
('Exception occured', NameError("name 'book_name' is not defined",))
('Exception occured', TypeError("'NoneType' object has no attribute '__getitem__'",))
('Exception occured', TypeError("'NoneType' object has no attribute '__getitem__'",))
('Exception occured', TypeError("'NoneType' object has no attribute '__getitem__'",))
('Exception occured', TypeError("'NoneType' object has no attribute '__getitem__'",))
('Exception occured', TypeError("'NoneType' object has no attribute '__getitem__'",))
('Exception occured', TypeError("'NoneType' object has no attribute '__getitem__'",))
('Exception occured', TypeError("'NoneType' object has no attribute '__getitem__'",))
('Exception occured', TypeError("'NoneType' object has no attribute '__getitem__'",))
('Exception occured', TypeError("'NoneType' object has no attribute '__getitem__'",))
[LOG]: get_trevari_books.py is finished on 12:22:24.
[LOG]: diff: diff --git a/trevari/trevari_book_list.md b/trevari/trevari_book_list.md
[LOG]: dir: /home/ubuntu/project/web_crawlers/trevari pwd: /home/ubuntu/project/web_crawlers/trevari
[master 29184d5] script: trevari: update book list on  (auto generated commit)
 3 files changed, 44 insertions(+), 17 deletions(-)
 create mode 100644 trevari/cron_log/cron_job_2019_07_11_11:00.log
[LOG]: update commit - script: trevari: update book list on 2019-07-11, 12:22:28
