[LOG]: sync up with origin/master
M	trevari/cron_log/cron_job_2019_07_01_11:00.log
브랜치가 'origin/master'에 맞게 업데이트된 상태입니다.
[LOG]: get_trevari_books.py is executed on 20:00:06
('Exception occured', NameError("name 'book_name' is not defined",))
('Exception occured', NameError("name 'book_name' is not defined",))
('Exception occured', NameError("name 'book_name' is not defined",))
('Exception occured', NameError("name 'book_name' is not defined",))
('Exception occured', NameError("name 'book_name' is not defined",))
('Exception occured', NameError("name 'book_name' is not defined",))
('Exception occured', TimeoutException())
('Exception occured', OSError(12, 'Cannot allocate memory'))
('Exception occured', OSError(12, 'Cannot allocate memory'))
('Exception occured', OSError(12, 'Cannot allocate memory'))
('Exception occured', OSError(12, 'Cannot allocate memory'))
('Exception occured', OSError(12, 'Cannot allocate memory'))
('Exception occured', OSError(12, 'Cannot allocate memory'))
('Exception occured', OSError(12, 'Cannot allocate memory'))
('Exception occured', OSError(12, 'Cannot allocate memory'))
('Exception occured', OSError(12, 'Cannot allocate memory'))
('Exception occured', OSError(12, 'Cannot allocate memory'))
('Exception occured', OSError(12, 'Cannot allocate memory'))
('Exception occured', TypeError("'NoneType' object has no attribute '__getitem__'",))
('Exception occured', NoSuchElementException())
('Exception occured', NoSuchElementException())
('Exception occured', NoSuchElementException())
('Exception occured', NoSuchElementException())
('Exception occured', NoSuchElementException())
('Exception occured', NoSuchElementException())
('Exception occured', NoSuchElementException())
('Exception occured', NoSuchElementException())
('Exception occured', NoSuchElementException())
('Exception occured', NoSuchElementException())
('Exception occured', NoSuchElementException())
('Exception occured', NoSuchElementException())
('Exception occured', NoSuchElementException())
('Exception occured', NoSuchElementException())
('Exception occured', NoSuchElementException())
('Exception occured', NoSuchElementException())
('Exception occured', NoSuchElementException())
('Exception occured', NoSuchElementException())
('Exception occured', NoSuchElementException())
('Exception occured', NoSuchElementException())
('Exception occured', NoSuchElementException())
('Exception occured', NoSuchElementException())
('Exception occured', WebDriverException())
('Exception occured', WebDriverException())
('Exception occured', WebDriverException())
('Exception occured', WebDriverException())
('Exception occured', NoSuchElementException())
('Exception occured', NoSuchElementException())
('Exception occured', NoSuchElementException())
('Exception occured', NoSuchElementException())
('Exception occured', NoSuchElementException())
('Exception occured', NoSuchElementException())
('Exception occured', NoSuchElementException())
('Exception occured', WebDriverException())
('Exception occured', WebDriverException())
('Exception occured', WebDriverException())
('Exception occured', WebDriverException())
('Exception occured', WebDriverException())
('Exception occured', WebDriverException())
('Exception occured', WebDriverException())
('Exception occured', WebDriverException())
('Exception occured', NoSuchElementException())
('Exception occured', NoSuchElementException())
('Exception occured', NoSuchElementException())
('Exception occured', NoSuchElementException())
('Exception occured', NoSuchElementException())
('Exception occured', NoSuchElementException())
('Exception occured', NoSuchElementException())
('Exception occured', WebDriverException())
('Exception occured', WebDriverException())
('Exception occured', WebDriverException())
('Exception occured', WebDriverException())
('Exception occured', WebDriverException())
('Exception occured', WebDriverException())
('Exception occured', WebDriverException())
('Exception occured', WebDriverException())
('Exception occured', NoSuchElementException())
('Exception occured', NoSuchElementException())
('Exception occured', NoSuchElementException())
('Exception occured', NoSuchElementException())
('Exception occured', NoSuchElementException())
('Exception occured', NoSuchElementException())
('Exception occured', NoSuchElementException())
('Exception occured', WebDriverException())
('Exception occured', OSError(12, 'Cannot allocate memory'))
('Exception occured', OSError(12, 'Cannot allocate memory'))
('Exception occured', OSError(12, 'Cannot allocate memory'))
('Exception occured', OSError(12, 'Cannot allocate memory'))
('Exception occured', OSError(12, 'Cannot allocate memory'))
('Exception occured', OSError(12, 'Cannot allocate memory'))
('Exception occured', OSError(12, 'Cannot allocate memory'))
('Exception occured', OSError(12, 'Cannot allocate memory'))
('Exception occured', OSError(12, 'Cannot allocate memory'))
('Exception occured', OSError(12, 'Cannot allocate memory'))
('Exception occured', OSError(12, 'Cannot allocate memory'))
('Exception occured', NoSuchElementException())
('Exception occured', NoSuchElementException())
('Exception occured', NoSuchElementException())
('Exception occured', NoSuchElementException())
('Exception occured', NoSuchElementException())
('Exception occured', NoSuchElementException())
('Exception occured', NoSuchElementException())
('Exception occured', WebDriverException())
('Exception occured', WebDriverException())
('Exception occured', WebDriverException())
('Exception occured', WebDriverException())
('Exception occured', NoSuchElementException())
('Exception occured', NoSuchElementException())
('Exception occured', NoSuchElementException())
('Exception occured', NoSuchElementException())
('Exception occured', NoSuchElementException())
('Exception occured', NoSuchElementException())
('Exception occured', NoSuchElementException())
('Exception occured', WebDriverException())
('Exception occured', WebDriverException())
('Exception occured', WebDriverException())
('Exception occured', WebDriverException())
('Exception occured', WebDriverException())
('Exception occured', WebDriverException())
('Exception occured', WebDriverException())
('Exception occured', WebDriverException())
('Exception occured', NoSuchElementException())
('Exception occured', NoSuchElementException())
('Exception occured', NoSuchElementException())
('Exception occured', NoSuchElementException())
('Exception occured', NoSuchElementException())
('Exception occured', NoSuchElementException())
('Exception occured', NoSuchElementException())
('Exception occured', WebDriverException())
('Exception occured', WebDriverException())
('Exception occured', WebDriverException())
('Exception occured', WebDriverException())
('Exception occured', WebDriverException())
('Exception occured', WebDriverException())
('Exception occured', WebDriverException())
('Exception occured', WebDriverException())
('Exception occured', WebDriverException())
('Exception occured', NoSuchElementException())
('Exception occured', NoSuchElementException())
('Exception occured', NoSuchElementException())
('Exception occured', NoSuchElementException())
('Exception occured', NoSuchElementException())
('Exception occured', NoSuchElementException())
('Exception occured', NoSuchElementException())
('Exception occured', WebDriverException())
('Exception occured', WebDriverException())
('Exception occured', WebDriverException())
('Exception occured', WebDriverException())
('Exception occured', WebDriverException())
('Exception occured', WebDriverException())
('Exception occured', WebDriverException())
('Exception occured', WebDriverException())
('Exception occured', WebDriverException())
('Exception occured', NoSuchElementException())
('Exception occured', NoSuchElementException())
('Exception occured', NoSuchElementException())
('Exception occured', NoSuchElementException())
('Exception occured', NoSuchElementException())
('Exception occured', NoSuchElementException())
('Exception occured', WebDriverException())
('Exception occured', WebDriverException())
('Exception occured', WebDriverException())
('Exception occured', WebDriverException())
('Exception occured', WebDriverException())
('Exception occured', WebDriverException())
('Exception occured', WebDriverException())
('Exception occured', WebDriverException())
('Exception occured', WebDriverException())
('Exception occured', WebDriverException())
('Exception occured', WebDriverException())
('Exception occured', WebDriverException())
('Exception occured', WebDriverException())
('Exception occured', NoSuchElementException())
('Exception occured', NoSuchElementException())
('Exception occured', NoSuchElementException())
('Exception occured', NoSuchElementException())
('Exception occured', NoSuchElementException())
('Exception occured', NoSuchElementException())
('Exception occured', WebDriverException())
('Exception occured', WebDriverException())
('Exception occured', WebDriverException())
('Exception occured', WebDriverException())
('Exception occured', WebDriverException())
('Exception occured', WebDriverException())
('Exception occured', WebDriverException())
('Exception occured', WebDriverException())
('Exception occured', WebDriverException())
('Exception occured', WebDriverException())
('Exception occured', WebDriverException())
('Exception occured', WebDriverException())
('Exception occured', WebDriverException())
('Exception occured', WebDriverException())
('Exception occured', NoSuchElementException())
('Exception occured', NoSuchElementException())
('Exception occured', NoSuchElementException())
('Exception occured', NoSuchElementException())
('Exception occured', NoSuchElementException())
('Exception occured', TimeoutException())
('Exception occured', WebDriverException())
('Exception occured', WebDriverException())
('Exception occured', WebDriverException())
('Exception occured', WebDriverException())
('Exception occured', WebDriverException())
('Exception occured', WebDriverException())
('Exception occured', WebDriverException())
('Exception occured', WebDriverException())
('Exception occured', WebDriverException())
('Exception occured', WebDriverException())
('Exception occured', WebDriverException())
('Exception occured', WebDriverException())
('Exception occured', WebDriverException())
('Exception occured', WebDriverException())
[LOG]: get_trevari_books.py is finished on 01:13:22.
[LOG]: diff: diff --git a/trevari/trevari_book_list.md b/trevari/trevari_book_list.md
[LOG]: dir: /home/ubuntu/project/web_crawlers/trevari pwd: /home/ubuntu/project/web_crawlers/trevari
[master ba4f6fb] script: trevari: update book list on  (auto generated commit)
 3 files changed, 64 insertions(+), 2 deletions(-)
[LOG]: update commit - script: trevari: update book list on 2019-07-02, 01:13:37
