[LOG]: sync up with origin/master
M	trevari/cron_log/cron_job_2019_12_13_11:00.log
M	trevari/trevari_book_list.md
브랜치가 'origin/master'에 맞게 업데이트된 상태입니다.
[LOG]: get_trevari_books.py is executed on 01:00:08
('Exception occured', NameError("name 'book_name' is not defined",))
('Exception occured', NameError("name 'book_name' is not defined",))
('Exception occured', NameError("name 'book_name' is not defined",))
('Exception occured', NameError("name 'book_name' is not defined",))
('Exception occured', NameError("name 'book_name' is not defined",))
('Exception occured', NameError("name 'book_name' is not defined",))
('Exception occured', NameError("name 'book_name' is not defined",))
('Exception occured', TypeError("'NoneType' object has no attribute '__getitem__'",))
('Exception occured', TypeError("'NoneType' object has no attribute '__getitem__'",))
('Exception occured', TypeError("'NoneType' object has no attribute '__getitem__'",))
('Exception occured', TypeError("'NoneType' object has no attribute '__getitem__'",))
('Exception occured', TypeError("'NoneType' object has no attribute '__getitem__'",))
('Exception occured', TypeError("'NoneType' object has no attribute '__getitem__'",))
('Exception occured', TypeError("'NoneType' object has no attribute '__getitem__'",))
('Exception occured', TypeError("'NoneType' object has no attribute '__getitem__'",))
('Exception occured', TypeError("'NoneType' object has no attribute '__getitem__'",))
[LOG]: get_trevari_books.py is finished on 12:49:56.
[LOG]: diff: diff --git a/trevari/trevari_book_list.md b/trevari/trevari_book_list.md
Binary files a/trevari/trevari_book_list.md and b/trevari/trevari_book_list.md differ
[LOG]: dir: /home/ubuntu/project/web_crawlers/trevari pwd: /home/ubuntu/project/web_crawlers/trevari
[master 412d6bb] script: trevari: update book list on  (auto generated commit)
 5 files changed, 367 insertions(+)
 create mode 100644 trevari/cron_log/cron_job_2019_12_13_20:00.log
 create mode 100644 trevari/cron_log/cron_job_2019_12_14_01:00.log
 create mode 100644 trevari/cron_log/cron_job_2019_12_14_11:00.log
[LOG]: update commit - script: trevari: update book list on 2019-12-14, 12:50:11
