[LOG]: sync up with origin/master
M	trevari/cron_log/cron_job_2020_07_15_20:00.log
브랜치가 'origin/master'에 맞게 업데이트된 상태입니다.
[LOG]: get_trevari_books.py is executed on 01:00:06
('Exception occured', NameError("name 'book_name' is not defined",))
('Exception occured', NameError("name 'book_name' is not defined",))
('Exception occured', NameError("name 'book_name' is not defined",))
('Exception occured', NameError("name 'book_name' is not defined",))
('Exception occured', NameError("name 'book_name' is not defined",))
('Exception occured', IndexError('list index out of range',))
('Exception occured', IndexError('list index out of range',))
('Exception occured', IndexError('list index out of range',))
('Exception occured', IndexError('list index out of range',))
('Exception occured', IndexError('list index out of range',))
('Exception occured', IndexError('list index out of range',))
[LOG]: get_trevari_books.py is finished on 01:01:16.
[LOG]: diff: diff --git a/trevari/trevari_book_list.md b/trevari/trevari_book_list.md
[LOG]: dir: /home/ubuntu/project/web_crawlers/trevari pwd: /home/ubuntu/project/web_crawlers/trevari
[master de894b7] script: trevari: update book list on  (auto generated commit)
 3 files changed, 30 insertions(+), 2 deletions(-)
 create mode 100644 trevari/cron_log/cron_job_2020_07_16_01:00.log
[LOG]: update commit - script: trevari: update book list on 2020-07-16, 01:01:21
